Using pre-set license
Built from '2022.3/staging' branch; Version is '2022.3.30f1 (70558241b701) revision 7361922'; Using compiler version '192829333'; Build Type 'Release'
OS: 'Windows 11  (10.0.22631) 64bit Core' Language: 'en' Physical Memory: 32174 MB
BatchMode: 1, IsHumanControllingUs: 0, StartBugReporterOnCrash: 0, Is64bit: 1, IsPro: 1

COMMAND LINE ARGUMENTS:
C:\Program Files\Unity\Hub\Editor\2022.3.30f1\Editor\Unity.exe
-adb2
-batchMode
-noUpm
-name
AssetImportWorker2
-projectPath
D:/Unity Projects/PaintingsMR
-logFile
Logs/AssetImportWorker2.log
-srvPort
51562
Successfully changed project path to: D:/Unity Projects/PaintingsMR
D:/Unity Projects/PaintingsMR
[UnityMemory] Configuration Parameters - Can be set up in boot.config
    "memorysetup-bucket-allocator-granularity=16"
    "memorysetup-bucket-allocator-bucket-count=8"
    "memorysetup-bucket-allocator-block-size=33554432"
    "memorysetup-bucket-allocator-block-count=8"
    "memorysetup-main-allocator-block-size=16777216"
    "memorysetup-thread-allocator-block-size=16777216"
    "memorysetup-gfx-main-allocator-block-size=16777216"
    "memorysetup-gfx-thread-allocator-block-size=16777216"
    "memorysetup-cache-allocator-block-size=4194304"
    "memorysetup-typetree-allocator-block-size=2097152"
    "memorysetup-profiler-bucket-allocator-granularity=16"
    "memorysetup-profiler-bucket-allocator-bucket-count=8"
    "memorysetup-profiler-bucket-allocator-block-size=33554432"
    "memorysetup-profiler-bucket-allocator-block-count=8"
    "memorysetup-profiler-allocator-block-size=16777216"
    "memorysetup-profiler-editor-allocator-block-size=1048576"
    "memorysetup-temp-allocator-size-main=16777216"
    "memorysetup-job-temp-allocator-block-size=2097152"
    "memorysetup-job-temp-allocator-block-size-background=1048576"
    "memorysetup-job-temp-allocator-reduction-small-platforms=262144"
    "memorysetup-allocator-temp-initial-block-size-main=262144"
    "memorysetup-allocator-temp-initial-block-size-worker=262144"
    "memorysetup-temp-allocator-size-background-worker=32768"
    "memorysetup-temp-allocator-size-job-worker=262144"
    "memorysetup-temp-allocator-size-preload-manager=33554432"
    "memorysetup-temp-allocator-size-nav-mesh-worker=65536"
    "memorysetup-temp-allocator-size-audio-worker=65536"
    "memorysetup-temp-allocator-size-cloud-worker=32768"
    "memorysetup-temp-allocator-size-gi-baking-worker=262144"
    "memorysetup-temp-allocator-size-gfx=262144"
Player connection [44436] Host "[IP] 192.168.137.46 [Port] 0 [Flags] 2 [Guid] 2028319277 [EditorId] 2028319277 [Version] 1048832 [Id] WindowsEditor(7,MansuriLaptop) [Debug] 1 [PackageName] WindowsEditor [ProjectName] Editor" joined multi-casting on [225.0.0.222:54997]...

Player connection [44436] Host "[IP] 192.168.137.46 [Port] 0 [Flags] 2 [Guid] 2028319277 [EditorId] 2028319277 [Version] 1048832 [Id] WindowsEditor(7,MansuriLaptop) [Debug] 1 [PackageName] WindowsEditor [ProjectName] Editor" joined alternative multi-casting on [225.0.0.222:34997]...

[Physics::Module] Initialized MultithreadedJobDispatcher with 15 workers.
Refreshing native plugins compatible for Editor in 79.64 ms, found 11 plugins.
Preloading 3 native plugins for Editor in 7.55 ms.
Initialize engine version: 2022.3.30f1 (70558241b701)
[Subsystems] Discovering subsystems at path C:/Program Files/Unity/Hub/Editor/2022.3.30f1/Editor/Data/Resources/UnitySubsystems
[Subsystems] Discovering subsystems at path D:/Unity Projects/PaintingsMR/Assets
GfxDevice: creating device client; threaded=0; jobified=0
Direct3D:
    Version:  Direct3D 11.0 [level 11.1]
    Renderer: NVIDIA GeForce RTX 3070 Laptop GPU (ID=0x249d)
    Vendor:   NVIDIA
    VRAM:     8020 MB
    Driver:   32.0.15.6081
Shader 'Meta/MRUK/Scene/HighlightsAndShadows': fallback shader 'Off' not found
Shader 'Oculus/OVRMRCameraFrameLit': fallback shader 'Alpha-Diffuse' not found
Initialize mono
Mono path[0] = 'C:/Program Files/Unity/Hub/Editor/2022.3.30f1/Editor/Data/Managed'
Mono path[1] = 'C:/Program Files/Unity/Hub/Editor/2022.3.30f1/Editor/Data/MonoBleedingEdge/lib/mono/unityjit-win32'
Mono config path = 'C:/Program Files/Unity/Hub/Editor/2022.3.30f1/Editor/Data/MonoBleedingEdge/etc'
Using monoOptions --debugger-agent=transport=dt_socket,embedding=1,server=y,suspend=n,address=127.0.0.1:56316
Begin MonoManager ReloadAssembly
Registering precompiled unity dll's ...
Register platform support module: C:/Program Files/Unity/Hub/Editor/2022.3.30f1/Editor/Data/PlaybackEngines/AndroidPlayer/UnityEditor.Android.Extensions.dll
Register platform support module: C:/Program Files/Unity/Hub/Editor/2022.3.30f1/Editor/Data/PlaybackEngines/WindowsStandaloneSupport/UnityEditor.WindowsStandalone.Extensions.dll
Registered in 0.026649 seconds.
- Loaded All Assemblies, in  0.890 seconds
Native extension for WindowsStandalone target not found
Native extension for Android target not found
Mono: successfully reloaded assembly
- Finished resetting the current domain, in  0.874 seconds
Domain Reload Profiling: 1759ms
	BeginReloadAssembly (302ms)
		ExecutionOrderSort (0ms)
		DisableScriptedObjects (0ms)
		BackupInstance (0ms)
		ReleaseScriptingObjects (0ms)
		CreateAndSetChildDomain (2ms)
	RebuildCommonClasses (83ms)
	RebuildNativeTypeToScriptingClass (24ms)
	initialDomainReloadingComplete (143ms)
	LoadAllAssembliesAndSetupDomain (332ms)
		LoadAssemblies (295ms)
		RebuildTransferFunctionScriptingTraits (0ms)
		AnalyzeDomain (324ms)
			TypeCache.Refresh (321ms)
				TypeCache.ScanAssembly (292ms)
			ScanForSourceGeneratedMonoScriptInfo (1ms)
			ResolveRequiredComponents (1ms)
	FinalizeReload (875ms)
		ReleaseScriptCaches (0ms)
		RebuildScriptCaches (0ms)
		SetupLoadedEditorAssemblies (700ms)
			LogAssemblyErrors (0ms)
			InitializePlatformSupportModulesInManaged (279ms)
			SetLoadedEditorAssemblies (12ms)
			RefreshPlugins (0ms)
			BeforeProcessingInitializeOnLoad (5ms)
			ProcessInitializeOnLoadAttributes (283ms)
			ProcessInitializeOnLoadMethodAttributes (120ms)
			AfterProcessingInitializeOnLoad (0ms)
			EditorAssembliesLoaded (0ms)
		ExecutionOrderSort2 (0ms)
		AwakeInstancesAfterBackupRestoration (0ms)
========================================================================
Worker process is ready to serve import requests
Begin MonoManager ReloadAssembly
- Loaded All Assemblies, in  2.965 seconds
Refreshing native plugins compatible for Editor in 59.87 ms, found 11 plugins.
Native extension for WindowsStandalone target not found
Native extension for Android target not found
Package Manager log level set to [2]
[Package Manager] Server::EnsureServerProcessIsRunning -- launch failed, reason: Unity was launched with the -noUpm command-line argument
[Package Manager] UpmClient::Send -- Unable to send message (not connected to UPM process).
[Package Manager] Cannot connect to Unity Package Manager local server
[Package Manager] Server::EnsureServerProcessIsRunning -- launch failed, reason: Unity was launched with the -noUpm command-line argument
[Package Manager] UpmClient::Send -- Unable to send message (not connected to UPM process).
[Package Manager] Cannot connect to Unity Package Manager local server
[Package Manager] Server::EnsureServerProcessIsRunning -- launch failed, reason: Unity was launched with the -noUpm command-line argument
[Package Manager] UpmClient::Send -- Unable to send message (not connected to UPM process).
[Package Manager] Cannot connect to Unity Package Manager local server
System.Reflection.TargetInvocationException: Exception has been thrown by the target of an invocation. ---> System.NullReferenceException: Object reference not set to an instance of an object
  at Unity.XR.Oculus.OculusLoader.AssetPathToAbsolutePath (System.String assetPath) [0x00041] in .\Library\PackageCache\com.unity.xr.oculus@4.2.0\Runtime\OculusLoader.cs:298 
  at Unity.XR.Oculus.OculusLoader.EditorLoadOVRPlugin () [0x000dd] in .\Library\PackageCache\com.unity.xr.oculus@4.2.0\Runtime\OculusLoader.cs:283 
  at (wrapper managed-to-native) System.Reflection.RuntimeMethodInfo.InternalInvoke(System.Reflection.RuntimeMethodInfo,object,object[],System.Exception&)
  at System.Reflection.RuntimeMethodInfo.Invoke (System.Object obj, System.Reflection.BindingFlags invokeAttr, System.Reflection.Binder binder, System.Object[] parameters, System.Globalization.CultureInfo culture) [0x0006a] in <467a840a914a47078e4ae9b0b1e8779e>:0 
   --- End of inner exception stack trace ---
  at System.Reflection.RuntimeMethodInfo.Invoke (System.Object obj, System.Reflection.BindingFlags invokeAttr, System.Reflection.Binder binder, System.Object[] parameters, System.Globalization.CultureInfo culture) [0x00083] in <467a840a914a47078e4ae9b0b1e8779e>:0 
  at System.Reflection.MethodBase.Invoke (System.Object obj, System.Object[] parameters) [0x00000] in <467a840a914a47078e4ae9b0b1e8779e>:0 
  at UnityEditor.EditorAssemblies.ProcessInitializeOnLoadMethodAttributes () [0x000a5] in <e21ef1ad5a5e4c73a2048dac84671e33>:0 
UnityEngine.StackTraceUtility:ExtractStackTrace ()
UnityEngine.DebugLogHandler:LogFormat (UnityEngine.LogType,UnityEngine.Object,string,object[])
UnityEngine.Logger:Log (UnityEngine.LogType,object)
UnityEngine.Debug:LogError (object)
UnityEditor.EditorAssemblies:ProcessInitializeOnLoadMethodAttributes ()

Mono: successfully reloaded assembly
[Package Manager] Server::EnsureServerProcessIsRunning -- launch failed, reason: Unity was launched with the -noUpm command-line argument
[Package Manager] UpmClient::Send -- Unable to send message (not connected to UPM process).
[Package Manager] Cannot connect to Unity Package Manager local server
[Package Manager] Server::EnsureServerProcessIsRunning -- launch failed, reason: Unity was launched with the -noUpm command-line argument
[Package Manager] UpmClient::Send -- Unable to send message (not connected to UPM process).
[Package Manager] Cannot connect to Unity Package Manager local server
- Finished resetting the current domain, in  6.510 seconds
Domain Reload Profiling: 9469ms
	BeginReloadAssembly (489ms)
		ExecutionOrderSort (0ms)
		DisableScriptedObjects (14ms)
		BackupInstance (0ms)
		ReleaseScriptingObjects (0ms)
		CreateAndSetChildDomain (59ms)
	RebuildCommonClasses (85ms)
	RebuildNativeTypeToScriptingClass (29ms)
	initialDomainReloadingComplete (109ms)
	LoadAllAssembliesAndSetupDomain (2246ms)
		LoadAssemblies (1757ms)
		RebuildTransferFunctionScriptingTraits (0ms)
		AnalyzeDomain (809ms)
			TypeCache.Refresh (649ms)
				TypeCache.ScanAssembly (590ms)
			ScanForSourceGeneratedMonoScriptInfo (113ms)
			ResolveRequiredComponents (42ms)
	FinalizeReload (6511ms)
		ReleaseScriptCaches (0ms)
		RebuildScriptCaches (0ms)
		SetupLoadedEditorAssemblies (6007ms)
			LogAssemblyErrors (0ms)
			InitializePlatformSupportModulesInManaged (97ms)
			SetLoadedEditorAssemblies (16ms)
			RefreshPlugins (0ms)
			BeforeProcessingInitializeOnLoad (321ms)
			ProcessInitializeOnLoadAttributes (5477ms)
			ProcessInitializeOnLoadMethodAttributes (69ms)
			AfterProcessingInitializeOnLoad (26ms)
			EditorAssembliesLoaded (1ms)
		ExecutionOrderSort2 (0ms)
		AwakeInstancesAfterBackupRestoration (18ms)
Shader 'Oculus/OVRMRCameraFrameLit': fallback shader 'Alpha-Diffuse' not found
Shader 'Meta/MRUK/Scene/HighlightsAndShadows': fallback shader 'Off' not found
Launched and connected shader compiler UnityShaderCompiler.exe after 0.10 seconds
Refreshing native plugins compatible for Editor in 31.28 ms, found 11 plugins.
Preloading 3 native plugins for Editor in 0.23 ms.
Unloading 5362 Unused Serialized files (Serialized files now loaded: 0)
Unloading 85 unused Assets / (431.7 KB). Loaded Objects now: 5795.
Memory consumption went from 206.0 MB to 205.6 MB.
Total: 11.387500 ms (FindLiveObjects: 1.190600 ms CreateObjectMapping: 0.906800 ms MarkObjects: 8.324100 ms  DeleteObjects: 0.962700 ms)

AssetImportParameters requested are different than current active one (requested -> active):
  custom:container-demuxer-ogg: 62fdf1f143b41e24485cea50d1cbac27 -> 
  custom:video-codec-MediaFoundation-h265: 746d11721c4dcdbdad8f713fa42b33f4 -> 
  custom:video-decoder-ogg-theora: a1e56fd34408186e4bbccfd4996cb3dc -> 
  custom:framework-win-MediaFoundation: 216162199b28c13a410421893ffa2e32 -> 
  custom:CustomObjectIndexerAttribute: 9a22284fe3817be447336de3de66b15e -> 
  custom:container-demuxer-webm: 4f35f7cbe854078d1ac9338744f61a02 -> 
  custom:container-muxer-webm: aa71ff27fc2769a1b78a27578f13a17b -> 
  custom:video-decoder-webm-vp8: 9c59270c3fd7afecdb556c50c9e8de78 -> 
  custom:SearchIndexIgnoredProperties: e643bd26f0fe6173181afceb89e7c659 -> 
  custom:AudioImporter_EditorPlatform: d09bf68614088b80899f8185d706f6e7 -> 
  custom:video-encoder-webm-vp8: eb34c28f22e8b96e1ab97ce403110664 -> 
  custom:audio-decoder-ogg-vorbis: bf7c407c2cedff20999df2af8eb42d56 -> 
  custom:audio-encoder-webm-vorbis: bf7c407c2cedff20999df2af8eb42d56 -> 
========================================================================
Received Import Request.
  Time since last request: 16026.428035 seconds.
  path: Assets/Resources/Paintings/527124ldsdl.jpg
  artifactKey: Guid(fb7a210ab811836468e8891bae3d73ac) Importer(815301076,1909f56bfc062723c751e8b465ee728b)
Start importing Assets/Resources/Paintings/527124ldsdl.jpg using Guid(fb7a210ab811836468e8891bae3d73ac) Importer(815301076,1909f56bfc062723c751e8b465ee728b)  -> (artifact id: 'f8567c98a20954e7b761101039ae30b7') in 0.316641 seconds
Number of updated asset objects reloaded before import = 0
Number of asset objects unloaded after import = 3
========================================================================
Received Import Request.
  Time since last request: 0.000104 seconds.
  path: Assets/Resources/Paintings/525447ldsdl.jpg
  artifactKey: Guid(9e7ee90bd56b3b3478d28e1868e4da0d) Importer(815301076,1909f56bfc062723c751e8b465ee728b)
Start importing Assets/Resources/Paintings/525447ldsdl.jpg using Guid(9e7ee90bd56b3b3478d28e1868e4da0d) Importer(815301076,1909f56bfc062723c751e8b465ee728b)  -> (artifact id: '7884c16bbb323b281b5702a6ee259dd3') in 0.082470 seconds
Number of updated asset objects reloaded before import = 0
Number of asset objects unloaded after import = 3
========================================================================
Received Import Request.
  Time since last request: 0.000039 seconds.
  path: Assets/Resources/Paintings/aviewfrom.asset
  artifactKey: Guid(f7b6ae058f69c8e429c799695f6c53a1) Importer(815301076,1909f56bfc062723c751e8b465ee728b)
Start importing Assets/Resources/Paintings/aviewfrom.asset using Guid(f7b6ae058f69c8e429c799695f6c53a1) Importer(815301076,1909f56bfc062723c751e8b465ee728b)  -> (artifact id: '8dcc07c2d0cc4fcd62808d61c7baca07') in 0.004544 seconds
Number of updated asset objects reloaded before import = 0
Number of asset objects unloaded after import = 2
========================================================================
Received Import Request.
  Time since last request: 0.000032 seconds.
  path: Assets/Resources/Paintings/Grabender Bauer.asset
  artifactKey: Guid(73812311d544cf841ab9bd8bf304b8ac) Importer(815301076,1909f56bfc062723c751e8b465ee728b)
Start importing Assets/Resources/Paintings/Grabender Bauer.asset using Guid(73812311d544cf841ab9bd8bf304b8ac) Importer(815301076,1909f56bfc062723c751e8b465ee728b)  -> (artifact id: '441dd02bc526c63892ba0a5eaa32e576') in 0.003922 seconds
Number of updated asset objects reloaded before import = 0
Number of asset objects unloaded after import = 2
========================================================================
Received Import Request.
  Time since last request: 0.000038 seconds.
  path: Assets/Resources/OVRPlatformToolSettings.asset
  artifactKey: Guid(633617b153da7f54cbfadb7fff793fb7) Importer(815301076,1909f56bfc062723c751e8b465ee728b)
Start importing Assets/Resources/OVRPlatformToolSettings.asset using Guid(633617b153da7f54cbfadb7fff793fb7) Importer(815301076,1909f56bfc062723c751e8b465ee728b)  -> (artifact id: '9df2c339afd1324f675f10e6d20075ab') in 0.005187 seconds
Number of updated asset objects reloaded before import = 0
Number of asset objects unloaded after import = 1
========================================================================
Received Import Request.
  Time since last request: 0.000038 seconds.
  path: Assets/Resources/Paintings/sail.asset
  artifactKey: Guid(a63ec09d2dbf9f341bfd24061b265ec5) Importer(815301076,1909f56bfc062723c751e8b465ee728b)
Start importing Assets/Resources/Paintings/sail.asset using Guid(a63ec09d2dbf9f341bfd24061b265ec5) Importer(815301076,1909f56bfc062723c751e8b465ee728b)  -> (artifact id: '57d16a092a30592796fc3d51e36457d0') in 0.002841 seconds
Number of updated asset objects reloaded before import = 0
Number of asset objects unloaded after import = 2
========================================================================
Received Import Request.
  Time since last request: 0.000022 seconds.
  path: Assets/Resources/MetaXRAcousticSettings.asset
  artifactKey: Guid(c646075a0b2608f4dba459dea8f5f161) Importer(815301076,1909f56bfc062723c751e8b465ee728b)
Start importing Assets/Resources/MetaXRAcousticSettings.asset using Guid(c646075a0b2608f4dba459dea8f5f161) Importer(815301076,1909f56bfc062723c751e8b465ee728b)  -> (artifact id: '2a8693a18d9ae24be10fb4b5ad470b93') in 0.003121 seconds
Number of updated asset objects reloaded before import = 0
Number of asset objects unloaded after import = 1
========================================================================
Received Import Request.
  Time since last request: 0.000024 seconds.
  path: Assets/Resources/Paintings/519235ldsdl.jpg
  artifactKey: Guid(8b5cf1f0675d79242a3bff5403706361) Importer(815301076,1909f56bfc062723c751e8b465ee728b)
Start importing Assets/Resources/Paintings/519235ldsdl.jpg using Guid(8b5cf1f0675d79242a3bff5403706361) Importer(815301076,1909f56bfc062723c751e8b465ee728b)  -> (artifact id: '03407850e65cbf817cd4228acbe373a4') in 0.079711 seconds
Number of updated asset objects reloaded before import = 0
Number of asset objects unloaded after import = 3
========================================================================
Received Import Request.
  Time since last request: 7.141550 seconds.
  path: Assets/Resources/Paintings/30669drsdl.jpg
  artifactKey: Guid(1058c48b7da6b2244ad12d30f8d7a421) Importer(815301076,1909f56bfc062723c751e8b465ee728b)
Start importing Assets/Resources/Paintings/30669drsdl.jpg using Guid(1058c48b7da6b2244ad12d30f8d7a421) Importer(815301076,1909f56bfc062723c751e8b465ee728b)  -> (artifact id: '3f0e8e5acd70bbefb24a0a463c52263a') in 0.026077 seconds
Number of updated asset objects reloaded before import = 0
Number of asset objects unloaded after import = 2
========================================================================
Received Import Request.
  Time since last request: 0.000053 seconds.
  path: Assets/Resources/Paintings/103092absdl.jpg
  artifactKey: Guid(b78867ed2c1e1b14f932c2c658debe17) Importer(815301076,1909f56bfc062723c751e8b465ee728b)
Start importing Assets/Resources/Paintings/103092absdl.jpg using Guid(b78867ed2c1e1b14f932c2c658debe17) Importer(815301076,1909f56bfc062723c751e8b465ee728b)  -> (artifact id: 'aae059522c6688bc1a280e6cabfb32e9') in 0.017197 seconds
Number of updated asset objects reloaded before import = 0
Number of asset objects unloaded after import = 2
========================================================================
Received Import Request.
  Time since last request: 0.000044 seconds.
  path: Assets/Resources/Paintings/103031absdl (1).jpg
  artifactKey: Guid(daff2c7f955b99a44aab7720d8b02887) Importer(815301076,1909f56bfc062723c751e8b465ee728b)
Start importing Assets/Resources/Paintings/103031absdl (1).jpg using Guid(daff2c7f955b99a44aab7720d8b02887) Importer(815301076,1909f56bfc062723c751e8b465ee728b)  -> (artifact id: '437d262bd0af8baeee96397938d253e7') in 0.017145 seconds
Number of updated asset objects reloaded before import = 0
Number of asset objects unloaded after import = 2
========================================================================
Received Import Request.
  Time since last request: 0.000042 seconds.
  path: Assets/Resources/Paintings/102601absdl.jpg
  artifactKey: Guid(32ddce8ee60e16c43b6dd92ea9a53ba3) Importer(815301076,1909f56bfc062723c751e8b465ee728b)
Start importing Assets/Resources/Paintings/102601absdl.jpg using Guid(32ddce8ee60e16c43b6dd92ea9a53ba3) Importer(815301076,1909f56bfc062723c751e8b465ee728b)  -> (artifact id: '437134b59730c56786a823f5113e9ad4') in 0.017733 seconds
Number of updated asset objects reloaded before import = 0
Number of asset objects unloaded after import = 2
========================================================================
Received Import Request.
  Time since last request: 10.898791 seconds.
  path: Assets/Resources/Paintings/105244absdl.jpg
  artifactKey: Guid(a3de2fcbe843e9b40b8c2da8de0f52e5) Importer(815301076,1909f56bfc062723c751e8b465ee728b)
Start importing Assets/Resources/Paintings/105244absdl.jpg using Guid(a3de2fcbe843e9b40b8c2da8de0f52e5) Importer(815301076,1909f56bfc062723c751e8b465ee728b)  -> (artifact id: 'e4b8ab0ff78b158ed577c5ca86466f10') in 0.025918 seconds
Number of updated asset objects reloaded before import = 0
Number of asset objects unloaded after import = 2
========================================================================
Received Import Request.
  Time since last request: 0.000080 seconds.
  path: Assets/Resources/Paintings/403971mtsdl.jpg
  artifactKey: Guid(f1d30a90ebab3944baf7ec201f4d0cda) Importer(815301076,1909f56bfc062723c751e8b465ee728b)
Start importing Assets/Resources/Paintings/403971mtsdl.jpg using Guid(f1d30a90ebab3944baf7ec201f4d0cda) Importer(815301076,1909f56bfc062723c751e8b465ee728b)  -> (artifact id: '363c46ad6b8eccd5ebbfbff45953b7ee') in 0.031051 seconds
Number of updated asset objects reloaded before import = 0
Number of asset objects unloaded after import = 2
========================================================================
Received Import Request.
  Time since last request: 0.000035 seconds.
  path: Assets/Resources/Paintings/220119fgsdl (1).jpg
  artifactKey: Guid(97677a4ba74f59e4d89ec1e5560a1f94) Importer(815301076,1909f56bfc062723c751e8b465ee728b)
Start importing Assets/Resources/Paintings/220119fgsdl (1).jpg using Guid(97677a4ba74f59e4d89ec1e5560a1f94) Importer(815301076,1909f56bfc062723c751e8b465ee728b)  -> (artifact id: '42c81db861ed859dcd5cd02812747b45') in 0.020757 seconds
Number of updated asset objects reloaded before import = 0
Number of asset objects unloaded after import = 2
========================================================================
Received Import Request.
  Time since last request: 0.000043 seconds.
  path: Assets/Resources/Paintings/912690absdl (1).jpg
  artifactKey: Guid(0fe84c7cee168c14ea47223131ae25b7) Importer(815301076,1909f56bfc062723c751e8b465ee728b)
Start importing Assets/Resources/Paintings/912690absdl (1).jpg using Guid(0fe84c7cee168c14ea47223131ae25b7) Importer(815301076,1909f56bfc062723c751e8b465ee728b)  -> (artifact id: 'a802bcc1e2d30a0fbe3288a240d67eeb') in 0.021264 seconds
Number of updated asset objects reloaded before import = 0
Number of asset objects unloaded after import = 2
========================================================================
Received Import Request.
  Time since last request: 0.000039 seconds.
  path: Assets/Resources/Paintings/706412ansdl.jpg
  artifactKey: Guid(6c2a89a32cd04e04382faf5cd2296fd2) Importer(815301076,1909f56bfc062723c751e8b465ee728b)
Start importing Assets/Resources/Paintings/706412ansdl.jpg using Guid(6c2a89a32cd04e04382faf5cd2296fd2) Importer(815301076,1909f56bfc062723c751e8b465ee728b)  -> (artifact id: 'a3ccc9d187eb6d7acc963986f5855bdb') in 0.020325 seconds
Number of updated asset objects reloaded before import = 0
Number of asset objects unloaded after import = 2
========================================================================
Received Import Request.
  Time since last request: 0.000046 seconds.
  path: Assets/Resources/Paintings/220868fgsdl.jpg
  artifactKey: Guid(ca2ac555544d41c4aa84a53f94e00ea8) Importer(815301076,1909f56bfc062723c751e8b465ee728b)
Start importing Assets/Resources/Paintings/220868fgsdl.jpg using Guid(ca2ac555544d41c4aa84a53f94e00ea8) Importer(815301076,1909f56bfc062723c751e8b465ee728b)  -> (artifact id: 'e09ab9822a620e9a12d92d53978eb1c8') in 0.016222 seconds
Number of updated asset objects reloaded before import = 0
Number of asset objects unloaded after import = 2
========================================================================
Received Import Request.
  Time since last request: 0.000039 seconds.
  path: Assets/Resources/Paintings/518928ldsdl.jpg
  artifactKey: Guid(895ac770b6ca70c48ae3a728ccb464ba) Importer(815301076,1909f56bfc062723c751e8b465ee728b)
Start importing Assets/Resources/Paintings/518928ldsdl.jpg using Guid(895ac770b6ca70c48ae3a728ccb464ba) Importer(815301076,1909f56bfc062723c751e8b465ee728b)  -> (artifact id: 'adf10900781858a75a1c9535b249b423') in 0.023661 seconds
Number of updated asset objects reloaded before import = 0
Number of asset objects unloaded after import = 2
========================================================================
Received Import Request.
  Time since last request: 0.000039 seconds.
  path: Assets/Resources/Paintings/227037fgsdl.jpg
  artifactKey: Guid(993e97bea9b8c7f47867ca7ad596c4ed) Importer(815301076,1909f56bfc062723c751e8b465ee728b)
Start importing Assets/Resources/Paintings/227037fgsdl.jpg using Guid(993e97bea9b8c7f47867ca7ad596c4ed) Importer(815301076,1909f56bfc062723c751e8b465ee728b)  -> (artifact id: 'e41e342e599bc51c7a93e6fd0987f082') in 0.018679 seconds
Number of updated asset objects reloaded before import = 0
Number of asset objects unloaded after import = 2
========================================================================
Received Import Request.
  Time since last request: 116.512048 seconds.
  path: Assets/Resources/Paintings/30669drsdl.jpg
  artifactKey: Guid(1058c48b7da6b2244ad12d30f8d7a421) Importer(815301076,1909f56bfc062723c751e8b465ee728b)
Start importing Assets/Resources/Paintings/30669drsdl.jpg using Guid(1058c48b7da6b2244ad12d30f8d7a421) Importer(815301076,1909f56bfc062723c751e8b465ee728b)  -> (artifact id: '4c5a29756e7695cfc418f4d311adb6bc') in 0.021070 seconds
Number of updated asset objects reloaded before import = 0
Number of asset objects unloaded after import = 3
========================================================================
Received Import Request.
  Time since last request: 36.329299 seconds.
  path: Assets/Resources/Paintings/30669drsdl.jpg
  artifactKey: Guid(1058c48b7da6b2244ad12d30f8d7a421) Importer(815301076,1909f56bfc062723c751e8b465ee728b)
Start importing Assets/Resources/Paintings/30669drsdl.jpg using Guid(1058c48b7da6b2244ad12d30f8d7a421) Importer(815301076,1909f56bfc062723c751e8b465ee728b)  -> (artifact id: '7f72f5b1532198e0fcd81677ce457374') in 0.020847 seconds
Number of updated asset objects reloaded before import = 0
Number of asset objects unloaded after import = 3
========================================================================
Received Import Request.
  Time since last request: 19.064544 seconds.
  path: Assets/Resources/Paintings/30669drsdl 1.jpg
  artifactKey: Guid(14c5d218e17c09344a7cfa10f6d5aac7) Importer(815301076,1909f56bfc062723c751e8b465ee728b)
Start importing Assets/Resources/Paintings/30669drsdl 1.jpg using Guid(14c5d218e17c09344a7cfa10f6d5aac7) Importer(815301076,1909f56bfc062723c751e8b465ee728b)  -> (artifact id: '672f785c347ca63bf1b2e36110ccedb0') in 0.013584 seconds
Number of updated asset objects reloaded before import = 0
Number of asset objects unloaded after import = 3
========================================================================
Received Import Request.
  Time since last request: 0.000022 seconds.
  path: Assets/Resources/Paintings/100636absdl 1.jpg
  artifactKey: Guid(e2add604d27c1bd4caf3b96cf64f764d) Importer(815301076,1909f56bfc062723c751e8b465ee728b)
Start importing Assets/Resources/Paintings/100636absdl 1.jpg using Guid(e2add604d27c1bd4caf3b96cf64f764d) Importer(815301076,1909f56bfc062723c751e8b465ee728b)  -> (artifact id: '32637d6ca3f71c7532574d24350bca45') in 0.009613 seconds
Number of updated asset objects reloaded before import = 0
Number of asset objects unloaded after import = 2
========================================================================
Received Import Request.
  Time since last request: 58.301564 seconds.
  path: Assets/Resources/Paintings/30669drsdl.jpg
  artifactKey: Guid(1058c48b7da6b2244ad12d30f8d7a421) Importer(815301076,1909f56bfc062723c751e8b465ee728b)
Start importing Assets/Resources/Paintings/30669drsdl.jpg using Guid(1058c48b7da6b2244ad12d30f8d7a421) Importer(815301076,1909f56bfc062723c751e8b465ee728b)  -> (artifact id: 'a611ec1dd2af903ff57dd65f540837d9') in 0.046540 seconds
Number of updated asset objects reloaded before import = 0
Number of asset objects unloaded after import = 3
========================================================================
Received Import Request.
  Time since last request: 0.000036 seconds.
  path: Assets/Resources/Paintings/225692fgsdl.jpg
  artifactKey: Guid(f58e3b2f79022c044a6dc57403ac4831) Importer(815301076,1909f56bfc062723c751e8b465ee728b)
Start importing Assets/Resources/Paintings/225692fgsdl.jpg using Guid(f58e3b2f79022c044a6dc57403ac4831) Importer(815301076,1909f56bfc062723c751e8b465ee728b)  -> (artifact id: 'a04f0359cdb0cec24c1d3e8a3153cc76') in 0.080972 seconds
Number of updated asset objects reloaded before import = 0
Number of asset objects unloaded after import = 2
========================================================================
Received Import Request.
  Time since last request: 0.000043 seconds.
  path: Assets/Resources/Paintings/220119fgsdl (1).jpg
  artifactKey: Guid(97677a4ba74f59e4d89ec1e5560a1f94) Importer(815301076,1909f56bfc062723c751e8b465ee728b)
Start importing Assets/Resources/Paintings/220119fgsdl (1).jpg using Guid(97677a4ba74f59e4d89ec1e5560a1f94) Importer(815301076,1909f56bfc062723c751e8b465ee728b)  -> (artifact id: '0db2172576c76f9038cd171c745cb4ff') in 0.039823 seconds
Number of updated asset objects reloaded before import = 0
Number of asset objects unloaded after import = 2
========================================================================
Received Import Request.
  Time since last request: 0.000035 seconds.
  path: Assets/Resources/Paintings/105244absdl.jpg
  artifactKey: Guid(a3de2fcbe843e9b40b8c2da8de0f52e5) Importer(815301076,1909f56bfc062723c751e8b465ee728b)
Start importing Assets/Resources/Paintings/105244absdl.jpg using Guid(a3de2fcbe843e9b40b8c2da8de0f52e5) Importer(815301076,1909f56bfc062723c751e8b465ee728b)  -> (artifact id: 'c373026a66d36ac4226ce7dddd79cf39') in 0.038931 seconds
Number of updated asset objects reloaded before import = 0
Number of asset objects unloaded after import = 2
========================================================================
Received Import Request.
  Time since last request: 0.000067 seconds.
  path: Assets/Resources/Paintings/502018ldsdl.jpg
  artifactKey: Guid(95c279a504ddf794cb21fa3017cf756e) Importer(815301076,1909f56bfc062723c751e8b465ee728b)
Start importing Assets/Resources/Paintings/502018ldsdl.jpg using Guid(95c279a504ddf794cb21fa3017cf756e) Importer(815301076,1909f56bfc062723c751e8b465ee728b)  -> (artifact id: 'e2d21c5009fad7b8dec993448dc1c6ff') in 0.027471 seconds
Number of updated asset objects reloaded before import = 0
Number of asset objects unloaded after import = 2
========================================================================
Received Import Request.
  Time since last request: 0.000034 seconds.
  path: Assets/Resources/Paintings/203014fgsdl.jpg
  artifactKey: Guid(c28d3930ace4fd54d8bc15a31fd158cd) Importer(815301076,1909f56bfc062723c751e8b465ee728b)
Start importing Assets/Resources/Paintings/203014fgsdl.jpg using Guid(c28d3930ace4fd54d8bc15a31fd158cd) Importer(815301076,1909f56bfc062723c751e8b465ee728b)  -> (artifact id: 'bcc3d0122146da7bdf1a1c1626103d58') in 0.036608 seconds
Number of updated asset objects reloaded before import = 0
Number of asset objects unloaded after import = 2
========================================================================
Received Import Request.
  Time since last request: 0.000040 seconds.
  path: Assets/Resources/Paintings/706412ansdl.jpg
  artifactKey: Guid(6c2a89a32cd04e04382faf5cd2296fd2) Importer(815301076,1909f56bfc062723c751e8b465ee728b)
Start importing Assets/Resources/Paintings/706412ansdl.jpg using Guid(6c2a89a32cd04e04382faf5cd2296fd2) Importer(815301076,1909f56bfc062723c751e8b465ee728b)  -> (artifact id: 'b345f7c459eef75397bc044bd6d02316') in 0.032785 seconds
Number of updated asset objects reloaded before import = 0
Number of asset objects unloaded after import = 2
========================================================================
Received Import Request.
  Time since last request: 0.000027 seconds.
  path: Assets/Resources/Paintings/100636absdl 1.jpg
  artifactKey: Guid(e2add604d27c1bd4caf3b96cf64f764d) Importer(815301076,1909f56bfc062723c751e8b465ee728b)
Start importing Assets/Resources/Paintings/100636absdl 1.jpg using Guid(e2add604d27c1bd4caf3b96cf64f764d) Importer(815301076,1909f56bfc062723c751e8b465ee728b)  -> (artifact id: 'b331e819378f61e250920c11bae1308f') in 0.037788 seconds
Number of updated asset objects reloaded before import = 0
Number of asset objects unloaded after import = 2
========================================================================
Received Import Request.
  Time since last request: 0.000041 seconds.
  path: Assets/Resources/Paintings/501985ldsdl.jpg
  artifactKey: Guid(de70d3d241d68a341bba850f41f1fa14) Importer(815301076,1909f56bfc062723c751e8b465ee728b)
Start importing Assets/Resources/Paintings/501985ldsdl.jpg using Guid(de70d3d241d68a341bba850f41f1fa14) Importer(815301076,1909f56bfc062723c751e8b465ee728b)  -> (artifact id: '63f706d280ab1700451810a2c62f6b3d') in 0.026764 seconds
Number of updated asset objects reloaded before import = 0
Number of asset objects unloaded after import = 2
========================================================================
Received Import Request.
  Time since last request: 0.000032 seconds.
  path: Assets/Resources/Paintings/518928ldsdl.jpg
  artifactKey: Guid(895ac770b6ca70c48ae3a728ccb464ba) Importer(815301076,1909f56bfc062723c751e8b465ee728b)
Start importing Assets/Resources/Paintings/518928ldsdl.jpg using Guid(895ac770b6ca70c48ae3a728ccb464ba) Importer(815301076,1909f56bfc062723c751e8b465ee728b)  -> (artifact id: 'ac98697e31e536edaf69defbd7cbae0d') in 0.031755 seconds
Number of updated asset objects reloaded before import = 0
Number of asset objects unloaded after import = 2
========================================================================
Received Import Request.
  Time since last request: 0.000038 seconds.
  path: Assets/Resources/Paintings/711985ansdl.jpg
  artifactKey: Guid(52a16cc61bc97c74ab4542a9a635025e) Importer(815301076,1909f56bfc062723c751e8b465ee728b)
Start importing Assets/Resources/Paintings/711985ansdl.jpg using Guid(52a16cc61bc97c74ab4542a9a635025e) Importer(815301076,1909f56bfc062723c751e8b465ee728b)  -> (artifact id: '980171516c07a0fd046ef2cc46da7a89') in 0.028105 seconds
Number of updated asset objects reloaded before import = 0
Number of asset objects unloaded after import = 2
========================================================================
Received Import Request.
  Time since last request: 0.000046 seconds.
  path: Assets/Resources/Paintings/103031absdl.jpg
  artifactKey: Guid(11a804329dff1bd4bbf30b274c09ebb0) Importer(815301076,1909f56bfc062723c751e8b465ee728b)
Start importing Assets/Resources/Paintings/103031absdl.jpg using Guid(11a804329dff1bd4bbf30b274c09ebb0) Importer(815301076,1909f56bfc062723c751e8b465ee728b)  -> (artifact id: '7d1abfc0739abb103442f831d1af12e0') in 0.032506 seconds
Number of updated asset objects reloaded before import = 0
Number of asset objects unloaded after import = 2
========================================================================
Received Import Request.
  Time since last request: 0.000040 seconds.
  path: Assets/Resources/Paintings/102601absdl.jpg
  artifactKey: Guid(32ddce8ee60e16c43b6dd92ea9a53ba3) Importer(815301076,1909f56bfc062723c751e8b465ee728b)
Start importing Assets/Resources/Paintings/102601absdl.jpg using Guid(32ddce8ee60e16c43b6dd92ea9a53ba3) Importer(815301076,1909f56bfc062723c751e8b465ee728b)  -> (artifact id: 'c058088dd83e967c484e2c87f680bd12') in 0.037727 seconds
Number of updated asset objects reloaded before import = 0
Number of asset objects unloaded after import = 2
