Using pre-set license
Built from '2022.3/staging' branch; Version is '2022.3.30f1 (70558241b701) revision 7361922'; Using compiler version '192829333'; Build Type 'Release'
OS: 'Windows 11  (10.0.22631) 64bit Core' Language: 'en' Physical Memory: 32174 MB
BatchMode: 1, IsHumanControllingUs: 0, StartBugReporterOnCrash: 0, Is64bit: 1, IsPro: 1

COMMAND LINE ARGUMENTS:
C:\Program Files\Unity\Hub\Editor\2022.3.30f1\Editor\Unity.exe
-adb2
-batchMode
-noUpm
-name
AssetImportWorker3
-projectPath
D:/Unity Projects/PaintingsMR
-logFile
Logs/AssetImportWorker3.log
-srvPort
51562
Successfully changed project path to: D:/Unity Projects/PaintingsMR
D:/Unity Projects/PaintingsMR
[UnityMemory] Configuration Parameters - Can be set up in boot.config
    "memorysetup-bucket-allocator-granularity=16"
    "memorysetup-bucket-allocator-bucket-count=8"
    "memorysetup-bucket-allocator-block-size=33554432"
    "memorysetup-bucket-allocator-block-count=8"
    "memorysetup-main-allocator-block-size=16777216"
    "memorysetup-thread-allocator-block-size=16777216"
    "memorysetup-gfx-main-allocator-block-size=16777216"
    "memorysetup-gfx-thread-allocator-block-size=16777216"
    "memorysetup-cache-allocator-block-size=4194304"
    "memorysetup-typetree-allocator-block-size=2097152"
    "memorysetup-profiler-bucket-allocator-granularity=16"
    "memorysetup-profiler-bucket-allocator-bucket-count=8"
    "memorysetup-profiler-bucket-allocator-block-size=33554432"
    "memorysetup-profiler-bucket-allocator-block-count=8"
    "memorysetup-profiler-allocator-block-size=16777216"
    "memorysetup-profiler-editor-allocator-block-size=1048576"
    "memorysetup-temp-allocator-size-main=16777216"
    "memorysetup-job-temp-allocator-block-size=2097152"
    "memorysetup-job-temp-allocator-block-size-background=1048576"
    "memorysetup-job-temp-allocator-reduction-small-platforms=262144"
    "memorysetup-allocator-temp-initial-block-size-main=262144"
    "memorysetup-allocator-temp-initial-block-size-worker=262144"
    "memorysetup-temp-allocator-size-background-worker=32768"
    "memorysetup-temp-allocator-size-job-worker=262144"
    "memorysetup-temp-allocator-size-preload-manager=33554432"
    "memorysetup-temp-allocator-size-nav-mesh-worker=65536"
    "memorysetup-temp-allocator-size-audio-worker=65536"
    "memorysetup-temp-allocator-size-cloud-worker=32768"
    "memorysetup-temp-allocator-size-gi-baking-worker=262144"
    "memorysetup-temp-allocator-size-gfx=262144"
Player connection [22388] Host "[IP] 192.168.137.46 [Port] 0 [Flags] 2 [Guid] 1351935682 [EditorId] 1351935682 [Version] 1048832 [Id] WindowsEditor(7,MansuriLaptop) [Debug] 1 [PackageName] WindowsEditor [ProjectName] Editor" joined multi-casting on [225.0.0.222:54997]...

Player connection [22388] Host "[IP] 192.168.137.46 [Port] 0 [Flags] 2 [Guid] 1351935682 [EditorId] 1351935682 [Version] 1048832 [Id] WindowsEditor(7,MansuriLaptop) [Debug] 1 [PackageName] WindowsEditor [ProjectName] Editor" joined alternative multi-casting on [225.0.0.222:34997]...

[Physics::Module] Initialized MultithreadedJobDispatcher with 15 workers.
Refreshing native plugins compatible for Editor in 59.10 ms, found 11 plugins.
Preloading 3 native plugins for Editor in 4.32 ms.
Initialize engine version: 2022.3.30f1 (70558241b701)
[Subsystems] Discovering subsystems at path C:/Program Files/Unity/Hub/Editor/2022.3.30f1/Editor/Data/Resources/UnitySubsystems
[Subsystems] Discovering subsystems at path D:/Unity Projects/PaintingsMR/Assets
GfxDevice: creating device client; threaded=0; jobified=0
Direct3D:
    Version:  Direct3D 11.0 [level 11.1]
    Renderer: NVIDIA GeForce RTX 3070 Laptop GPU (ID=0x249d)
    Vendor:   NVIDIA
    VRAM:     8020 MB
    Driver:   32.0.15.6081
Shader 'Meta/MRUK/Scene/HighlightsAndShadows': fallback shader 'Off' not found
Shader 'Oculus/OVRMRCameraFrameLit': fallback shader 'Alpha-Diffuse' not found
Initialize mono
Mono path[0] = 'C:/Program Files/Unity/Hub/Editor/2022.3.30f1/Editor/Data/Managed'
Mono path[1] = 'C:/Program Files/Unity/Hub/Editor/2022.3.30f1/Editor/Data/MonoBleedingEdge/lib/mono/unityjit-win32'
Mono config path = 'C:/Program Files/Unity/Hub/Editor/2022.3.30f1/Editor/Data/MonoBleedingEdge/etc'
Using monoOptions --debugger-agent=transport=dt_socket,embedding=1,server=y,suspend=n,address=127.0.0.1:56012
Begin MonoManager ReloadAssembly
Registering precompiled unity dll's ...
Register platform support module: C:/Program Files/Unity/Hub/Editor/2022.3.30f1/Editor/Data/PlaybackEngines/AndroidPlayer/UnityEditor.Android.Extensions.dll
Register platform support module: C:/Program Files/Unity/Hub/Editor/2022.3.30f1/Editor/Data/PlaybackEngines/WindowsStandaloneSupport/UnityEditor.WindowsStandalone.Extensions.dll
Registered in 0.018666 seconds.
- Loaded All Assemblies, in  0.976 seconds
Native extension for WindowsStandalone target not found
Native extension for Android target not found
Mono: successfully reloaded assembly
- Finished resetting the current domain, in  0.654 seconds
Domain Reload Profiling: 1625ms
	BeginReloadAssembly (352ms)
		ExecutionOrderSort (0ms)
		DisableScriptedObjects (0ms)
		BackupInstance (0ms)
		ReleaseScriptingObjects (0ms)
		CreateAndSetChildDomain (1ms)
	RebuildCommonClasses (63ms)
	RebuildNativeTypeToScriptingClass (20ms)
	initialDomainReloadingComplete (125ms)
	LoadAllAssembliesAndSetupDomain (410ms)
		LoadAssemblies (349ms)
		RebuildTransferFunctionScriptingTraits (0ms)
		AnalyzeDomain (403ms)
			TypeCache.Refresh (401ms)
				TypeCache.ScanAssembly (362ms)
			ScanForSourceGeneratedMonoScriptInfo (1ms)
			ResolveRequiredComponents (1ms)
	FinalizeReload (655ms)
		ReleaseScriptCaches (0ms)
		RebuildScriptCaches (0ms)
		SetupLoadedEditorAssemblies (522ms)
			LogAssemblyErrors (0ms)
			InitializePlatformSupportModulesInManaged (239ms)
			SetLoadedEditorAssemblies (8ms)
			RefreshPlugins (0ms)
			BeforeProcessingInitializeOnLoad (3ms)
			ProcessInitializeOnLoadAttributes (193ms)
			ProcessInitializeOnLoadMethodAttributes (79ms)
			AfterProcessingInitializeOnLoad (0ms)
			EditorAssembliesLoaded (0ms)
		ExecutionOrderSort2 (0ms)
		AwakeInstancesAfterBackupRestoration (0ms)
========================================================================
Worker process is ready to serve import requests
Begin MonoManager ReloadAssembly
- Loaded All Assemblies, in  1.468 seconds
Refreshing native plugins compatible for Editor in 21.88 ms, found 11 plugins.
Native extension for WindowsStandalone target not found
Native extension for Android target not found
Package Manager log level set to [2]
[Package Manager] Server::EnsureServerProcessIsRunning -- launch failed, reason: Unity was launched with the -noUpm command-line argument
[Package Manager] UpmClient::Send -- Unable to send message (not connected to UPM process).
[Package Manager] Cannot connect to Unity Package Manager local server
[Package Manager] Server::EnsureServerProcessIsRunning -- launch failed, reason: Unity was launched with the -noUpm command-line argument
[Package Manager] UpmClient::Send -- Unable to send message (not connected to UPM process).
[Package Manager] Cannot connect to Unity Package Manager local server
[Package Manager] Server::EnsureServerProcessIsRunning -- launch failed, reason: Unity was launched with the -noUpm command-line argument
[Package Manager] UpmClient::Send -- Unable to send message (not connected to UPM process).
[Package Manager] Cannot connect to Unity Package Manager local server
System.Reflection.TargetInvocationException: Exception has been thrown by the target of an invocation. ---> System.NullReferenceException: Object reference not set to an instance of an object
  at Unity.XR.Oculus.OculusLoader.AssetPathToAbsolutePath (System.String assetPath) [0x00041] in .\Library\PackageCache\com.unity.xr.oculus@4.2.0\Runtime\OculusLoader.cs:298 
  at Unity.XR.Oculus.OculusLoader.EditorLoadOVRPlugin () [0x000dd] in .\Library\PackageCache\com.unity.xr.oculus@4.2.0\Runtime\OculusLoader.cs:283 
  at (wrapper managed-to-native) System.Reflection.RuntimeMethodInfo.InternalInvoke(System.Reflection.RuntimeMethodInfo,object,object[],System.Exception&)
  at System.Reflection.RuntimeMethodInfo.Invoke (System.Object obj, System.Reflection.BindingFlags invokeAttr, System.Reflection.Binder binder, System.Object[] parameters, System.Globalization.CultureInfo culture) [0x0006a] in <467a840a914a47078e4ae9b0b1e8779e>:0 
   --- End of inner exception stack trace ---
  at System.Reflection.RuntimeMethodInfo.Invoke (System.Object obj, System.Reflection.BindingFlags invokeAttr, System.Reflection.Binder binder, System.Object[] parameters, System.Globalization.CultureInfo culture) [0x00083] in <467a840a914a47078e4ae9b0b1e8779e>:0 
  at System.Reflection.MethodBase.Invoke (System.Object obj, System.Object[] parameters) [0x00000] in <467a840a914a47078e4ae9b0b1e8779e>:0 
  at UnityEditor.EditorAssemblies.ProcessInitializeOnLoadMethodAttributes () [0x000a5] in <e21ef1ad5a5e4c73a2048dac84671e33>:0 
UnityEngine.StackTraceUtility:ExtractStackTrace ()
UnityEngine.DebugLogHandler:LogFormat (UnityEngine.LogType,UnityEngine.Object,string,object[])
UnityEngine.Logger:Log (UnityEngine.LogType,object)
UnityEngine.Debug:LogError (object)
UnityEditor.EditorAssemblies:ProcessInitializeOnLoadMethodAttributes ()

Mono: successfully reloaded assembly
[Package Manager] Server::EnsureServerProcessIsRunning -- launch failed, reason: Unity was launched with the -noUpm command-line argument
[Package Manager] UpmClient::Send -- Unable to send message (not connected to UPM process).
[Package Manager] Cannot connect to Unity Package Manager local server
[Package Manager] Server::EnsureServerProcessIsRunning -- launch failed, reason: Unity was launched with the -noUpm command-line argument
[Package Manager] UpmClient::Send -- Unable to send message (not connected to UPM process).
[Package Manager] Cannot connect to Unity Package Manager local server
- Finished resetting the current domain, in  4.235 seconds
Domain Reload Profiling: 5701ms
	BeginReloadAssembly (232ms)
		ExecutionOrderSort (0ms)
		DisableScriptedObjects (12ms)
		BackupInstance (0ms)
		ReleaseScriptingObjects (0ms)
		CreateAndSetChildDomain (32ms)
	RebuildCommonClasses (42ms)
	RebuildNativeTypeToScriptingClass (15ms)
	initialDomainReloadingComplete (61ms)
	LoadAllAssembliesAndSetupDomain (1115ms)
		LoadAssemblies (709ms)
		RebuildTransferFunctionScriptingTraits (0ms)
		AnalyzeDomain (534ms)
			TypeCache.Refresh (443ms)
				TypeCache.ScanAssembly (400ms)
			ScanForSourceGeneratedMonoScriptInfo (66ms)
			ResolveRequiredComponents (23ms)
	FinalizeReload (4236ms)
		ReleaseScriptCaches (0ms)
		RebuildScriptCaches (0ms)
		SetupLoadedEditorAssemblies (3903ms)
			LogAssemblyErrors (0ms)
			InitializePlatformSupportModulesInManaged (46ms)
			SetLoadedEditorAssemblies (10ms)
			RefreshPlugins (0ms)
			BeforeProcessingInitializeOnLoad (211ms)
			ProcessInitializeOnLoadAttributes (3522ms)
			ProcessInitializeOnLoadMethodAttributes (89ms)
			AfterProcessingInitializeOnLoad (24ms)
			EditorAssembliesLoaded (1ms)
		ExecutionOrderSort2 (0ms)
		AwakeInstancesAfterBackupRestoration (15ms)
Shader 'Meta/MRUK/Scene/HighlightsAndShadows': fallback shader 'Off' not found
Shader 'Oculus/OVRMRCameraFrameLit': fallback shader 'Alpha-Diffuse' not found
Launched and connected shader compiler UnityShaderCompiler.exe after 0.09 seconds
Refreshing native plugins compatible for Editor in 26.89 ms, found 11 plugins.
Preloading 3 native plugins for Editor in 0.22 ms.
Unloading 5362 Unused Serialized files (Serialized files now loaded: 0)
Unloading 85 unused Assets / (447.4 KB). Loaded Objects now: 5795.
Memory consumption went from 206.0 MB to 205.6 MB.
Total: 9.635500 ms (FindLiveObjects: 0.923700 ms CreateObjectMapping: 0.634200 ms MarkObjects: 7.448700 ms  DeleteObjects: 0.627200 ms)

AssetImportParameters requested are different than current active one (requested -> active):
  custom:container-demuxer-ogg: 62fdf1f143b41e24485cea50d1cbac27 -> 
  custom:video-codec-MediaFoundation-h265: 746d11721c4dcdbdad8f713fa42b33f4 -> 
  custom:video-decoder-ogg-theora: a1e56fd34408186e4bbccfd4996cb3dc -> 
  custom:framework-win-MediaFoundation: 216162199b28c13a410421893ffa2e32 -> 
  custom:CustomObjectIndexerAttribute: 9a22284fe3817be447336de3de66b15e -> 
  custom:container-demuxer-webm: 4f35f7cbe854078d1ac9338744f61a02 -> 
  custom:container-muxer-webm: aa71ff27fc2769a1b78a27578f13a17b -> 
  custom:video-decoder-webm-vp8: 9c59270c3fd7afecdb556c50c9e8de78 -> 
  custom:SearchIndexIgnoredProperties: e643bd26f0fe6173181afceb89e7c659 -> 
  custom:AudioImporter_EditorPlatform: d09bf68614088b80899f8185d706f6e7 -> 
  custom:video-encoder-webm-vp8: eb34c28f22e8b96e1ab97ce403110664 -> 
  custom:audio-decoder-ogg-vorbis: bf7c407c2cedff20999df2af8eb42d56 -> 
  custom:audio-encoder-webm-vorbis: bf7c407c2cedff20999df2af8eb42d56 -> 
========================================================================
Received Import Request.
  Time since last request: 16429.121240 seconds.
  path: Assets/Resources/Paintings/new art/54736drsdl.jpg
  artifactKey: Guid(4fc7ec44195c13d44bb535e1062f7057) Importer(815301076,1909f56bfc062723c751e8b465ee728b)
Start importing Assets/Resources/Paintings/new art/54736drsdl.jpg using Guid(4fc7ec44195c13d44bb535e1062f7057) Importer(815301076,1909f56bfc062723c751e8b465ee728b)  -> (artifact id: 'e6931dc1978f4fe6c89321890b9c2f87') in 0.127678 seconds
Number of updated asset objects reloaded before import = 0
Number of asset objects unloaded after import = 2
========================================================================
Received Import Request.
  Time since last request: 0.000035 seconds.
  path: Assets/Resources/Paintings/new art/227037fgsdl.jpg
  artifactKey: Guid(56e05553a6a9eb74c9c43b6845e32d84) Importer(815301076,1909f56bfc062723c751e8b465ee728b)
Start importing Assets/Resources/Paintings/new art/227037fgsdl.jpg using Guid(56e05553a6a9eb74c9c43b6845e32d84) Importer(815301076,1909f56bfc062723c751e8b465ee728b)  -> (artifact id: '22e37de83a784c1fc5fe4c44d892671f') in 0.016431 seconds
Number of updated asset objects reloaded before import = 0
Number of asset objects unloaded after import = 2
========================================================================
Received Import Request.
  Time since last request: 0.000044 seconds.
  path: Assets/Resources/Paintings/new art/501985ldsdl.jpg
  artifactKey: Guid(b2954623034ce264a8313b6cce098f47) Importer(815301076,1909f56bfc062723c751e8b465ee728b)
Start importing Assets/Resources/Paintings/new art/501985ldsdl.jpg using Guid(b2954623034ce264a8313b6cce098f47) Importer(815301076,1909f56bfc062723c751e8b465ee728b)  -> (artifact id: 'ba5bea9fb38d7f68b73316ec3f8f3730') in 0.016920 seconds
Number of updated asset objects reloaded before import = 0
Number of asset objects unloaded after import = 2
========================================================================
Received Import Request.
  Time since last request: 0.000032 seconds.
  path: Assets/Resources/Paintings/new art/103092absdl (1).jpg
  artifactKey: Guid(764c266e3f332ff4090fb18a2ff869a5) Importer(815301076,1909f56bfc062723c751e8b465ee728b)
Start importing Assets/Resources/Paintings/new art/103092absdl (1).jpg using Guid(764c266e3f332ff4090fb18a2ff869a5) Importer(815301076,1909f56bfc062723c751e8b465ee728b)  -> (artifact id: '58cad34fd39d1658d86b9fee13321ccf') in 0.014740 seconds
Number of updated asset objects reloaded before import = 0
Number of asset objects unloaded after import = 2
========================================================================
Received Import Request.
  Time since last request: 0.000028 seconds.
  path: Assets/Resources/Paintings/new art/220119fgsdl.jpg
  artifactKey: Guid(861aae03687bc0543905f013021d57b2) Importer(815301076,1909f56bfc062723c751e8b465ee728b)
Start importing Assets/Resources/Paintings/new art/220119fgsdl.jpg using Guid(861aae03687bc0543905f013021d57b2) Importer(815301076,1909f56bfc062723c751e8b465ee728b)  -> (artifact id: '5d8fefa9767056f9e61fed744fca4e16') in 0.016079 seconds
Number of updated asset objects reloaded before import = 0
Number of asset objects unloaded after import = 2
========================================================================
Received Import Request.
  Time since last request: 0.000036 seconds.
  path: Assets/Resources/Paintings/new art/240780fgsdl.jpg
  artifactKey: Guid(8d7ee2937bd6736429c2d018cadecae1) Importer(815301076,1909f56bfc062723c751e8b465ee728b)
Start importing Assets/Resources/Paintings/new art/240780fgsdl.jpg using Guid(8d7ee2937bd6736429c2d018cadecae1) Importer(815301076,1909f56bfc062723c751e8b465ee728b)  -> (artifact id: 'c021ff9e2c08255bcdff62934da32608') in 0.014950 seconds
Number of updated asset objects reloaded before import = 0
Number of asset objects unloaded after import = 2
========================================================================
Received Import Request.
  Time since last request: 0.000048 seconds.
  path: Assets/Resources/Paintings/new art/100636absdl.jpg
  artifactKey: Guid(921e4ae20d205844780c096521c63f9f) Importer(815301076,1909f56bfc062723c751e8b465ee728b)
Start importing Assets/Resources/Paintings/new art/100636absdl.jpg using Guid(921e4ae20d205844780c096521c63f9f) Importer(815301076,1909f56bfc062723c751e8b465ee728b)  -> (artifact id: '3319a6c64049c5ca0b0adedba5341eb1') in 0.013056 seconds
Number of updated asset objects reloaded before import = 0
Number of asset objects unloaded after import = 2
========================================================================
Received Import Request.
  Time since last request: 0.000026 seconds.
  path: Assets/Resources/Paintings/new art/300936rgsdl.jpg
  artifactKey: Guid(6a9d61ded39872f46802a40756e1868b) Importer(815301076,1909f56bfc062723c751e8b465ee728b)
Start importing Assets/Resources/Paintings/new art/300936rgsdl.jpg using Guid(6a9d61ded39872f46802a40756e1868b) Importer(815301076,1909f56bfc062723c751e8b465ee728b)  -> (artifact id: '0018b071af302be6dfb16c3872af312e') in 0.021268 seconds
Number of updated asset objects reloaded before import = 0
Number of asset objects unloaded after import = 2
========================================================================
Received Import Request.
  Time since last request: 0.000038 seconds.
  path: Assets/Resources/Paintings/new art/103092absdl.jpg
  artifactKey: Guid(72b2347997ecd254e9f30ec54684154b) Importer(815301076,1909f56bfc062723c751e8b465ee728b)
Start importing Assets/Resources/Paintings/new art/103092absdl.jpg using Guid(72b2347997ecd254e9f30ec54684154b) Importer(815301076,1909f56bfc062723c751e8b465ee728b)  -> (artifact id: '94c07fe37638dbe5acd6dc56abf71efa') in 0.013081 seconds
Number of updated asset objects reloaded before import = 0
Number of asset objects unloaded after import = 2
========================================================================
Received Import Request.
  Time since last request: 0.000039 seconds.
  path: Assets/Resources/Paintings/new art/203014fgsdl.jpg
  artifactKey: Guid(9a7d4b061cbd36544959aa8f2c3877e4) Importer(815301076,1909f56bfc062723c751e8b465ee728b)
Start importing Assets/Resources/Paintings/new art/203014fgsdl.jpg using Guid(9a7d4b061cbd36544959aa8f2c3877e4) Importer(815301076,1909f56bfc062723c751e8b465ee728b)  -> (artifact id: 'd2b692b65aedf751ef1940ee0b438829') in 0.014235 seconds
Number of updated asset objects reloaded before import = 0
Number of asset objects unloaded after import = 2
========================================================================
Received Import Request.
  Time since last request: 59.729499 seconds.
  path: Assets/Resources/Paintings/new art/54736drsdl.jpg
  artifactKey: Guid(4fc7ec44195c13d44bb535e1062f7057) Importer(815301076,1909f56bfc062723c751e8b465ee728b)
Start importing Assets/Resources/Paintings/new art/54736drsdl.jpg using Guid(4fc7ec44195c13d44bb535e1062f7057) Importer(815301076,1909f56bfc062723c751e8b465ee728b)  -> (artifact id: '00f2a59754125f7f1a55febb0273de4e') in 0.071043 seconds
Number of updated asset objects reloaded before import = 0
Number of asset objects unloaded after import = 3
========================================================================
Received Import Request.
  Time since last request: 0.000033 seconds.
  path: Assets/Resources/Paintings/new art/912690absdl.jpg
  artifactKey: Guid(3d76171529817a7499931ee25aa0d397) Importer(815301076,1909f56bfc062723c751e8b465ee728b)
Start importing Assets/Resources/Paintings/new art/912690absdl.jpg using Guid(3d76171529817a7499931ee25aa0d397) Importer(815301076,1909f56bfc062723c751e8b465ee728b)  -> (artifact id: '1a47f77c7b54ac78fc1b7b1c5616b7ce') in 0.070569 seconds
Number of updated asset objects reloaded before import = 0
Number of asset objects unloaded after import = 3
========================================================================
Received Import Request.
  Time since last request: 0.000040 seconds.
  path: Assets/Resources/Paintings/new art/103031absdl.jpg
  artifactKey: Guid(76ef4e755026def4d906c592a803f26f) Importer(815301076,1909f56bfc062723c751e8b465ee728b)
Start importing Assets/Resources/Paintings/new art/103031absdl.jpg using Guid(76ef4e755026def4d906c592a803f26f) Importer(815301076,1909f56bfc062723c751e8b465ee728b)  -> (artifact id: '96ddfc7b63c7783a28f32001b4bd6020') in 0.063374 seconds
Number of updated asset objects reloaded before import = 0
Number of asset objects unloaded after import = 3
========================================================================
Received Import Request.
  Time since last request: 0.000045 seconds.
  path: Assets/Resources/Paintings/new art/227037fgsdl.jpg
  artifactKey: Guid(56e05553a6a9eb74c9c43b6845e32d84) Importer(815301076,1909f56bfc062723c751e8b465ee728b)
Start importing Assets/Resources/Paintings/new art/227037fgsdl.jpg using Guid(56e05553a6a9eb74c9c43b6845e32d84) Importer(815301076,1909f56bfc062723c751e8b465ee728b)  -> (artifact id: 'ed8380a38b9a674463d0c4708126755f') in 0.046160 seconds
Number of updated asset objects reloaded before import = 0
Number of asset objects unloaded after import = 3
========================================================================
Received Import Request.
  Time since last request: 0.000046 seconds.
  path: Assets/Resources/Paintings/new art/501985ldsdl.jpg
  artifactKey: Guid(b2954623034ce264a8313b6cce098f47) Importer(815301076,1909f56bfc062723c751e8b465ee728b)
Start importing Assets/Resources/Paintings/new art/501985ldsdl.jpg using Guid(b2954623034ce264a8313b6cce098f47) Importer(815301076,1909f56bfc062723c751e8b465ee728b)  -> (artifact id: '58b94b25ebc21a9bdd9f9cc99140a027') in 0.035158 seconds
Number of updated asset objects reloaded before import = 0
Number of asset objects unloaded after import = 3
========================================================================
Received Import Request.
  Time since last request: 0.000025 seconds.
  path: Assets/Resources/Paintings/new art/711985ansdl.jpg
  artifactKey: Guid(46ca03c070cf5fe44adf656429cb304d) Importer(815301076,1909f56bfc062723c751e8b465ee728b)
Start importing Assets/Resources/Paintings/new art/711985ansdl.jpg using Guid(46ca03c070cf5fe44adf656429cb304d) Importer(815301076,1909f56bfc062723c751e8b465ee728b)  -> (artifact id: 'eba40cf1a5766c99eec0e71450db4b87') in 0.050877 seconds
Number of updated asset objects reloaded before import = 0
Number of asset objects unloaded after import = 3
========================================================================
Received Import Request.
  Time since last request: 0.000030 seconds.
  path: Assets/Resources/Paintings/new art/300936rgsdl.jpg
  artifactKey: Guid(6a9d61ded39872f46802a40756e1868b) Importer(815301076,1909f56bfc062723c751e8b465ee728b)
Start importing Assets/Resources/Paintings/new art/300936rgsdl.jpg using Guid(6a9d61ded39872f46802a40756e1868b) Importer(815301076,1909f56bfc062723c751e8b465ee728b)  -> (artifact id: 'cf5c0553019d7d612dd589316aefd005') in 0.058474 seconds
Number of updated asset objects reloaded before import = 0
Number of asset objects unloaded after import = 3
========================================================================
Received Import Request.
  Time since last request: 0.000048 seconds.
  path: Assets/Resources/Paintings/new art/102601absdl.jpg
  artifactKey: Guid(28ff8efa8d33a3c449c278b8dd4283bd) Importer(815301076,1909f56bfc062723c751e8b465ee728b)
Start importing Assets/Resources/Paintings/new art/102601absdl.jpg using Guid(28ff8efa8d33a3c449c278b8dd4283bd) Importer(815301076,1909f56bfc062723c751e8b465ee728b)  -> (artifact id: 'e676aa52fa94dd94662c737c210941ac') in 0.067026 seconds
Number of updated asset objects reloaded before import = 0
Number of asset objects unloaded after import = 3
Editor requested this worker to shutdown with reason: Scaling down because of idle timeout
TcpMessagingSession - receive error: operation aborted. errorcode: 995, details: The I/O operation has been aborted because of either a thread exit or an application request.
AssetImportWorker is now disconnected from the server
Process exiting
Exiting without the bug reporter. Application will terminate with return code 0